
The following files have been resolved:
   org.eclipse.jetty:jetty-xml:jar:9.4.8.v20171121:compile
   com.github.jknack:handlebars-guava-cache:jar:4.0.6:compile
   com.sparkjava:spark-template-handlebars:jar:2.5.5:compile
   org.eclipse.jetty.websocket:websocket-servlet:jar:9.4.8.v20171121:compile
   com.google.code.gson:gson:jar:2.1:compile
   com.google.code.findbugs:jsr305:jar:1.3.9:compile
   org.eclipse.jetty:jetty-server:jar:9.4.8.v20171121:compile
   commons-codec:commons-codec:jar:1.3:compile
   com.sparkjava:spark-core:jar:2.7.2:compile
   org.eclipse.jetty:jetty-io:jar:9.4.8.v20171121:compile
   org.eclipse.jetty:jetty-security:jar:9.4.8.v20171121:compile
   org.eclipse.jetty:jetty-servlet:jar:9.4.8.v20171121:compile
   org.eclipse.jetty.websocket:websocket-client:jar:9.4.8.v20171121:compile
   com.google.guava:guava:jar:14.0.1:compile
   org.eclipse.jetty.websocket:websocket-server:jar:9.4.8.v20171121:compile
   org.eclipse.jetty.websocket:websocket-common:jar:9.4.8.v20171121:compile
   com.github.jknack:handlebars:jar:4.0.6:compile
   org.eclipse.jetty:jetty-util:jar:9.4.8.v20171121:compile
   commons-logging:commons-logging:jar:1.1.1:compile
   javax.servlet:javax.servlet-api:jar:3.1.0:compile
   org.postgresql:postgresql:jar:9.4.1208:compile
   org.slf4j:slf4j-api:jar:1.7.13:compile
   org.eclipse.jetty:jetty-webapp:jar:9.4.8.v20171121:compile
   org.eclipse.jetty:jetty-client:jar:9.4.8.v20171121:compile
   com.google.http-client:google-http-client-gson:jar:1.23.0:compile
   org.mozilla:rhino:jar:1.7R4:compile
   org.sql2o:sql2o:jar:1.5.4:compile
   org.apache.httpcomponents:httpcore:jar:4.0.1:compile
   org.antlr:antlr4-runtime:jar:4.5.1-1:compile
   com.google.http-client:google-http-client:jar:1.23.0:compile
   org.json:json:jar:20090211:compile
   org.eclipse.jetty:jetty-http:jar:9.4.8.v20171121:compile
   org.apache.httpcomponents:httpclient:jar:4.0.1:compile
   org.eclipse.jetty.websocket:websocket-api:jar:9.4.8.v20171121:compile
   org.apache.commons:commons-lang3:jar:3.1:compile

